1561171179274	mozrunner::runner	INFO	Running command: "D:\\xiazai\\firefox.exe" "-marionette" "-foreground" "-no-remote" "-profile" "C:\\Users\\123\\AppData\\Local\\Temp\\rust_mozprofile.wRXMYPYsgJ8g"
1561171182113	addons.webextension.screenshots@mozilla.org	WARN	Loading extension 'screenshots@mozilla.org': Reading manifest: Invalid extension permission: mozillaAddons
1561171182114	addons.webextension.screenshots@mozilla.org	WARN	Loading extension 'screenshots@mozilla.org': Reading manifest: Invalid extension permission: resource://pdf.js/
1561171182114	addons.webextension.screenshots@mozilla.org	WARN	Loading extension 'screenshots@mozilla.org': Reading manifest: Invalid extension permission: about:reader*
[Child 35280, Chrome_ChildThread] WARNING: pipe error: 109: file z:/task_1560820494/build/src/ipc/chromium/src/chrome/common/ipc_channel_win.cc, line 341
[Child 35280, Ch1561171193661	Marionette	INFO	Listening on port 51580
1561171194129	Marionette	WARN	TLS certificate errors will be ignored for this session
console.error: BroadcastService: 
  receivedBroadcastMessage: handler for
  remote-settings/monitor_changes
  threw error:
  Message: Error: Polling for changes failed: http://%(server)s/dummy/blocklist//buckets/monitor/collections/changes/records?_expected=%221561074211915%22 is not a valid URL..
  Stack:
    remoteSettingsFunction/remoteSettings.pollChanges@resource://services-settings/remote-settings.js:203:13

[Child 10480, Chrome_ChildThread] WARNING: pipe error: 109: file z:/task_1560820494/build/src/ipc/chromium/src/chrome/c[oCmhmiolnd/ i3p4c9_7c2h,a nCnherlo_mwei_nC.hcicl,dThread] WARNING: pipe  line 341e
rror: 109: file z:/task_1560820494/build/src/ipc/chromium/src/chrome/common/ipc_channel_win.cc, line 341
[Child 33860, Chrome_ChildThread] WARNING: pipe error: 109: file z:/task_1560820494/build/src/ipc/chromium/src/chrome/common/ipc_channel_win.cc, line 341
[Child 33860, Chrome_ChildThread] WARNING: pipe error: 109: file z:/task_1560820494/build/src/ipc/chromium/src/1561171261144	Marionette	INFO	Stopped listening on port 51580
[GPU 3[Parent 31428, Gecko_IOThread] WARNING: pipe error: 232: file z:/task_1560820494/build/src/ipc/chromium/src/chrome/common/ipc_channel_win.cc, line 502
1561171308586	mozrunner::runner	INFO	Running command: "D:\\xiazai\\firefox.exe" "-marionette" "-foreground" "-no-remote" "-profile" "C:\\Users\\123\\AppData\\Local\\Temp\\rust_mozprofile.PzsxiqTGQ8Hz"
1561171309557	addons.webextension.screenshots@mozilla.org	WARN	Loading extension 'screenshots@mozilla.org': Reading manifest: Invalid extension permission: mozillaAddons
1561171309557	addons.webextension.screenshots@mozilla.org	WARN	Loading extension 'screenshots@mozilla.org': Reading manifest: Invalid extension permission: resource://pdf.js/
1561171309557	addons.webextension.screenshots@mozilla.org	WARN	Loading extension 'screenshots@mozilla.org': Reading manifest: Invalid extension permission: about:reader*
1561171315766	Marionette	INFO	Listening on port 51760
1561171316213	Marionette	WARN	TLS certificate errors will be ignored for this session
console.error: BroadcastService: 
  receivedBroadcastMessage: handler for
  remote-settings/monitor_changes
  threw error:
  Message: Error: Polling for changes failed: http://%(server)s/dummy/blocklist//buckets/monitor/collections/changes/records?_expected=%221561074211915%22 is not a valid URL..
  Stack:
    remoteSettingsFunction/remoteSettings.pollChanges@resource://services-settings/remote-settings.js:203:13

console.warn: "Error while detaching the thread front: 'detach' request packet to 'server1.conn0.child1/context19' can't be sent as the connection is closed."
[Parent 33788, Gecko_IOThread] WARNING: pipe error: 109: file z:/task_1560820494/build/src/ipc/chromium/src/chrome/common/ipc_channel_win.cc, line 341
[Child 34604, Chrome_ChildThread] WARNING: pipe error: 109: file z:/task_1560820494/build/src/ipc/chromium/src/chrome/common/ipc_channel_win.cc, line 341
[Child 13540, Chrome_ChildThread] WARNING: pipe error: 109: file z:/task_1560820494/build/src/ipc/chromium/src/chrome/common/ipc_channel_win.cc, line 341
[Child 13540, Chrome_ChildThread] WARNING: pipe1561172826363	Marionette	INFO	Stopped listening on port 51760
[Parent 33788, Gecko_IOThread] WARNING: pipe error: 232: file z:/task_1560820494/build/src/ipc/chromium/src/chrome/common/ipc_channel_win.cc, line 502
1561174413830	mozrunner::runner	INFO	Running command: "D:\\xiazai\\firefox.exe" "-marionette" "-foreground" "-no-remote" "-profile" "C:\\Users\\123\\AppData\\Local\\Temp\\rust_mozprofile.KenEhw59ictw"
1561174414683	addons.webextension.screenshots@mozilla.org	WARN	Loading extension 'screenshots@mozilla.org': Reading manifest: Invalid extension permission: mozillaAddons
1561174414683	addons.webextension.screenshots@mozilla.org	WARN	Loading extension 'screenshots@mozilla.org': Reading manifest: Invalid extension permission: resource://pdf.js/
1561174414683	addons.webextension.screenshots@mozilla.org	WARN	Loading extension 'screenshots@mozilla.org': Reading manifest: Invalid extension permission: about:reader*
1561174421562	Marionette	INFO	Listening on port 54858
1561174422075	Marionette	WARN	TLS certificate errors will be ignored for this session
[Parent 35724, Gecko_IOThread] WARNING: pipe error: 109: file z:/task_1560820494/build/src/ipc/chromium/src/chrome/common/ipc_channel_win.cc, line 341
[Child 35036, Chrome_ChildThread] WARNING: pipe error: 109: file z:/task_1560820494/build/src/ipc/chromium/src/chrome/common/ipc_channel_win.cc, line 341
[Child 35036,1561174457772	Marionette	INFO	Stopped listening on port 54858
[GPU 18972, Chrome[Parent 35724, Gecko_IOThread] WARNING: pipe error: 232: file z:/task_1560820494/build/src/ipc/chromium/src/chrome/common/ipc_channel_win.cc, line 502
1561174496834	mozrunner::runner	INFO	Running command: "D:\\xiazai\\firefox.exe" "-marionette" "-foreground" "-no-remote" "-profile" "C:\\Users\\123\\AppData\\Local\\Temp\\rust_mozprofile.7gPHD6GCwRtB"
1561174497658	addons.webextension.screenshots@mozilla.org	WARN	Loading extension 'screenshots@mozilla.org': Reading manifest: Invalid extension permission: mozillaAddons
1561174497658	addons.webextension.screenshots@mozilla.org	WARN	Loading extension 'screenshots@mozilla.org': Reading manifest: Invalid extension permission: resource://pdf.js/
1561174497659	addons.webextension.screenshots@mozilla.org	WARN	Loading extension 'screenshots@mozilla.org': Reading manifest: Invalid extension permission: about:reader*
1561174503011	Marionette	INFO	Listening on port 54999
1561174503365	Marionette	WARN	TLS certificate errors will be ignored for this session
[Parent 31228, Gecko_IOThread] WARNING: pipe error: 109: file z:/task_1560820494/build/src/ipc/chromium/src/chrome/common/ipc_channel_win.cc, line 341
[Parent 31228, Gecko_IOThread] WARNING: pipe error: 109: file z:/task_1560820494/build/src/ipc/chromium/src/chrome/common/ipc_channel_win.cc, line 341
[Child 5356, Chrome_ChildThread] WARNING: pipe error: 109: file z:/task_1560820494/build/src/ipc/chromium/src/chrome/common/ipc_channel_win.cc, line 341
[Child 5356, Chrome_ChildThread] WARNING: pipe error: 109: file z:/task_1560[Parent 31228, Gecko_IOThread] WARNING: pipe error: 109: file z:/task_1560820494/build/src/ipc/chromium/src/chrome/common/ipc_channel_win.cc, line 341
[Child 34856, Chrome_ChildThread] WARNING: pipe error: 109: file z:/task_1560820494/build/src/ipc/chromium/src/chrome/common/ipc_channel_win.cc, line 341
[Child 3481561174552108	Marionette	INFO	Stopped listening on port 54999

###!!! [Child][RunMessage] Error: Channel closing: too late to send/recv, messages will be lost


###!!! [Child][MessageChannel::SendAndWait] Error: Channel error: cannot send/recv

1561174637878	mozrunner::runner	INFO	Running command: "D:\\xiazai\\firefox.exe" "-marionette" "-foreground" "-no-remote" "-profile" "C:\\Users\\123\\AppData\\Local\\Temp\\rust_mozprofile.2TFjcpHCLiNt"
1561174638762	addons.webextension.screenshots@mozilla.org	WARN	Loading extension 'screenshots@mozilla.org': Reading manifest: Invalid extension permission: mozillaAddons
1561174638762	addons.webextension.screenshots@mozilla.org	WARN	Loading extension 'screenshots@mozilla.org': Reading manifest: Invalid extension permission: resource://pdf.js/
1561174638762	addons.webextension.screenshots@mozilla.org	WARN	Loading extension 'screenshots@mozilla.org': Reading manifest: Invalid extension permission: about:reader*
1561174644671	Marionette	INFO	Listening on port 55179
1561174645008	Marionette	WARN	TLS certificate errors will be ignored for this session
[Parent 34956, Gecko_IOThread] WARNING: pipe error: 109: file z:/task_1560820494/build/src/ipc/chromium/src/chrome/common/ipc_channel_win.cc, line 341
[Child 17148, Chrome_ChildThread] WARNING: pipe error: 109: file z:/task_1560820494/build/src/ipc/chromium/src/chrome/common/ipc_channel_win.cc, line 341[
Child 32568, Chrome_ChildThread] WARNING: pipe error: 109: file z:/task_1560820494/build/src/ipc/chromium/src/chrome/common/ipc_channel_win.cc, line 341
[Child 325[Parent 34956, Gecko_IOThread] WARNING: pipe error: 109: file z:/task_1560820494/build/src/ipc/chromium/src/chrome/common/ipc_channel_win.cc, line 341
[Child 10456, Chrome_ChildThread] WARNING: pipe error: 109: file z:/task_1560820494/build/src/ipc/chromium/src/chrome/common/ipc_channel_win.cc, line 341
[Child 10456, Chrome_ChildThread] WARNING: pipe e1561174722640	Marionette	INFO	Stopped listening on port 55179
[GPU 19600, Ch
###!!! [Child][MessageChannel::SendAndWait] Error: Channel error: cannot send/recv

1561174731048	mozrunner::runner	INFO	Running command: "D:\\xiazai\\firefox.exe" "-marionette" "-foreground" "-no-remote" "-profile" "C:\\Users\\123\\AppData\\Local\\Temp\\rust_mozprofile.EcUWeZnelwzW"
1561174731743	addons.webextension.screenshots@mozilla.org	WARN	Loading extension 'screenshots@mozilla.org': Reading manifest: Invalid extension permission: mozillaAddons
1561174731744	addons.webextension.screenshots@mozilla.org	WARN	Loading extension 'screenshots@mozilla.org': Reading manifest: Invalid extension permission: resource://pdf.js/
1561174731744	addons.webextension.screenshots@mozilla.org	WARN	Loading extension 'screenshots@mozilla.org': Reading manifest: Invalid extension permission: about:reader*
console.error: "Could not write session state file " (new Error("_initWorker called too early! Please read the session file from disk first.", "resource:///modules/sessionstore/SessionFile.jsm", 334)) "_initWorker/<@resource:///modules/sessionstore/SessionFile.jsm:334:15\n_initWorker@resource:///modules/sessionstore/SessionFile.jsm:327:12\n_postToWorker@resource:///modules/sessionstore/SessionFile.jsm:351:16\nwrite@resource:///modules/sessionstore/SessionFile.jsm:390:24\nwrite@resource:///modules/sessionstore/SessionFile.jsm:63:32\n_writeState@resource:///modules/sessionstore/SessionSaver.jsm:354:24\n_saveState@resource:///modules/sessionstore/SessionSaver.jsm:292:17\n_saveStateAsync@resource:///modules/sessionstore/SessionSaver.jsm:338:10\nsaveStateAsyncWhenIdle@resource:///modules/sessionstore/SessionSaver.jsm:189:14\ncallback@resource://gre/modules/Timer.jsm:100:7\n"
1561174739031	Marionette	INFO	Listening on port 55333
1561174739280	Marionette	WARN	TLS certificate errors will be ignored for this session
[Parent 22904, Gecko_IOThread] WARNING: pipe error: 109: file z:/task_1560820494/build/src/ipc/chromium/src/chrome/common/ipc_channel_win.cc, line 341
[Child 34528, Chrome_ChildThread] WARNING: pipe error: 232: file z:/task_1560820494/build/src/ipc/chromium/src/chrome/common/ipc_channel_win.cc, line 502
[Child 34528, Chrome_ChildThread] WARNING: pipe error: 109: file z:/task_1560820494/build/src/ipc/chromium/src/chrome/common/ipc_channel_win.cc, line 341
[Child 34528, Chrome_ChildThread] WARNING: pipe error: 109: file z:/task_1560820494/build/src/ipc/chromium/src/chrome/common/ipc_channel_win.cc, line 341[
Child 7120, Chrome_ChildThread] WARNING: pipe error: 109: file z:/task_1560820494/build/src/ipc/chromium/src/chrome/common/ipc_channel_win.cc, line 341
[Child 7120, Chrome_ChildThread] WARNING: pipe error: 109: file z:/task_1560820494/build/src/ipc/chromium/src/chrome/common/ipc_channel_win.cc, line 341
[Parent 22904, Gecko_IOThread] WARNING: pipe error: 109: file z:/task_1560820494/build/src/ipc/chromium/src/chrome/common/ipc_channel_win.cc, line 341
[Child 34444, Chrome_ChildThread] WARNING: pipe error: 109: file z:/task_1560820494/build/src/ipc/chromium/src/chrome/common/ipc_channel_win.cc, line 341
[Child 344441561174775137	Marionette	INFO	Stopped listening on port 55333
[GPU 28[Parent 22904, Gecko_IOThread] WARNING: pipe error: 232: file z:/task_1560820494/build/src/ipc/chromium/src/chrome/common/ipc_channel_win.cc, line 502

###!!! [Child][MessageChannel::SendAndWait] Error: Channel error: cannot send/recv

1561174919768	mozrunner::runner	INFO	Running command: "D:\\xiazai\\firefox.exe" "-marionette" "-foreground" "-no-remote" "-profile" "C:\\Users\\123\\AppData\\Local\\Temp\\rust_mozprofile.eLXyGI7XWWc8"
1561174920741	addons.webextension.screenshots@mozilla.org	WARN	Loading extension 'screenshots@mozilla.org': Reading manifest: Invalid extension permission: mozillaAddons
1561174920742	addons.webextension.screenshots@mozilla.org	WARN	Loading extension 'screenshots@mozilla.org': Reading manifest: Invalid extension permission: resource://pdf.js/
1561174920742	addons.webextension.screenshots@mozilla.org	WARN	Loading extension 'screenshots@mozilla.org': Reading manifest: Invalid extension permission: about:reader*
1561174927755	Marionette	INFO	Listening on port 55587
1561174927999	Marionette	WARN	TLS certificate errors will be ignored for this session
console.error: BroadcastService: 
  receivedBroadcastMessage: handler for
  remote-settings/monitor_changes
  threw error:
  Message: Error: Polling for changes failed: http://%(server)s/dummy/blocklist//buckets/monitor/collections/changes/records?_expected=%221561074211915%22 is not a valid URL..
  Stack:
    remoteSettingsFunction/remoteSettings.pollChanges@resource://services-settings/remote-settings.js:203:13

