11-06-2019:17:47:55,457 INFO [test_1.py:37] 手机与appium服务器建立链接完成
11-06-2019:17:47:55,458 INFO [test_1.py:42] 点击密码按键，进入账号密码登陆页面
11-06-2019:17:48:13,921 INFO [test_1.py:47] 输入的手机号是：15093128031
11-06-2019:17:48:23,35 INFO [test_1.py:49] 输入的手机号是：
11-06-2019:17:48:24,986 INFO [test_1.py:72] 手机与appium断开连接
11-06-2019:17:51:45,640 INFO [test_1.py:37] 手机与appium服务器建立链接完成
11-06-2019:17:51:45,641 INFO [test_1.py:42] 点击密码按键，进入账号密码登陆页面
11-06-2019:17:52:01,458 INFO [test_1.py:47] 输入的手机号是：15093128031
11-06-2019:17:52:11,416 INFO [test_1.py:49] 输入的手机号是：
11-06-2019:17:52:13,276 INFO [test_1.py:51] 点击登录按钮
11-06-2019:17:52:44,274 INFO [test_1.py:72] 手机与appium断开连接
11-06-2019:17:58:43,972 INFO [test_1.py:37] 手机与appium服务器建立链接完成
11-06-2019:17:58:43,972 INFO [test_1.py:42] 点击密码按键，进入账号密码登陆页面
11-06-2019:17:58:58,494 INFO [test_1.py:47] 输入的手机号是：15093128031
11-06-2019:17:59:08,166 INFO [test_1.py:49] 输入的手机号是：
11-06-2019:17:59:10,803 INFO [test_1.py:51] 点击登录按钮
11-06-2019:17:59:38,158 INFO [test_1.py:47] 输入的手机号是：
11-06-2019:17:59:48,712 INFO [test_1.py:49] 输入的手机号是：li123456
11-06-2019:17:59:51,747 INFO [test_1.py:51] 点击登录按钮
11-06-2019:18:00:07,816 INFO [test_1.py:47] 输入的手机号是：15093128031
11-06-2019:18:00:16,231 INFO [test_1.py:49] 输入的手机号是：li123456
11-06-2019:18:00:18,459 INFO [test_1.py:51] 点击登录按钮
11-06-2019:18:00:23,460 INFO [test_1.py:60] 登录成功测处理
11-06-2019:18:00:28,543 INFO [test_1.py:74] 手机与appium断开连接
